<?xml version="1.0" encoding="UTF-8"?>
<testsuite xmlns:xsi="http://www.w3.org/2001/XMLSchema-instance" xsi:noNamespaceSchemaLocation="https://maven.apache.org/surefire/maven-surefire-plugin/xsd/surefire-test-report.xsd" version="3.0.2" name="huffmancode.structures.CharacterTreeTest" time="0.058" tests="6" errors="0" skipped="0" failures="0">
  <properties>
    <property name="java.specification.version" value="22"/>
    <property name="sun.cpu.isalist" value="amd64"/>
    <property name="sun.jnu.encoding" value="Cp1250"/>
    <property name="java.class.path" value="C:\Users\Bcom_\2024Z_AISD_git_GR2_gr20\CW_5\AiSD2024ZEx5\target\test-classes;C:\Users\Bcom_\2024Z_AISD_git_GR2_gr20\CW_5\AiSD2024ZEx5\target\classes;C:\Users\Bcom_\.m2\repository\pl\edu\pw\ee\AiSD2024ZEx4\1.0-SNAPSHOT\AiSD2024ZEx4-1.0-SNAPSHOT.jar;C:\Users\Bcom_\.m2\repository\pl\edu\pw\ee\AiSD2023ZLab3\1.0-SNAPSHOT\AiSD2023ZLab3-1.0-SNAPSHOT.jar;C:\Users\Bcom_\.m2\repository\junit\junit\4.13.1\junit-4.13.1.jar;C:\Users\Bcom_\.m2\repository\org\hamcrest\hamcrest-core\1.3\hamcrest-core-1.3.jar;C:\Users\Bcom_\.m2\repository\org\junit\jupiter\junit-jupiter\5.8.1\junit-jupiter-5.8.1.jar;C:\Users\Bcom_\.m2\repository\org\junit\jupiter\junit-jupiter-api\5.8.1\junit-jupiter-api-5.8.1.jar;C:\Users\Bcom_\.m2\repository\org\opentest4j\opentest4j\1.2.0\opentest4j-1.2.0.jar;C:\Users\Bcom_\.m2\repository\org\junit\platform\junit-platform-commons\1.8.1\junit-platform-commons-1.8.1.jar;C:\Users\Bcom_\.m2\repository\org\junit\jupiter\junit-jupiter-params\5.8.1\junit-jupiter-params-5.8.1.jar;C:\Users\Bcom_\.m2\repository\org\junit\jupiter\junit-jupiter-engine\5.8.1\junit-jupiter-engine-5.8.1.jar;C:\Users\Bcom_\.m2\repository\org\jacoco\jacoco-maven-plugin\0.8.12\jacoco-maven-plugin-0.8.12.jar;C:\Users\Bcom_\.m2\repository\org\codehaus\plexus\plexus-utils\3.0.24\plexus-utils-3.0.24.jar;C:\Users\Bcom_\.m2\repository\org\apache\maven\shared\file-management\3.1.0\file-management-3.1.0.jar;C:\Users\Bcom_\.m2\repository\org\slf4j\slf4j-api\1.7.36\slf4j-api-1.7.36.jar;C:\Users\Bcom_\.m2\repository\commons-io\commons-io\2.11.0\commons-io-2.11.0.jar;C:\Users\Bcom_\.m2\repository\org\apache\maven\reporting\maven-reporting-api\3.0\maven-reporting-api-3.0.jar;C:\Users\Bcom_\.m2\repository\org\apache\maven\doxia\doxia-sink-api\1.0\doxia-sink-api-1.0.jar;C:\Users\Bcom_\.m2\repository\org\jacoco\org.jacoco.agent\0.8.12\org.jacoco.agent-0.8.12-runtime.jar;C:\Users\Bcom_\.m2\repository\org\jacoco\org.jacoco.core\0.8.12\org.jacoco.core-0.8.12.jar;C:\Users\Bcom_\.m2\repository\org\ow2\asm\asm\9.7\asm-9.7.jar;C:\Users\Bcom_\.m2\repository\org\ow2\asm\asm-commons\9.7\asm-commons-9.7.jar;C:\Users\Bcom_\.m2\repository\org\ow2\asm\asm-tree\9.7\asm-tree-9.7.jar;C:\Users\Bcom_\.m2\repository\org\jacoco\org.jacoco.report\0.8.12\org.jacoco.report-0.8.12.jar;C:\Users\Bcom_\.m2\repository\org\junit\vintage\junit-vintage-engine\5.11.3\junit-vintage-engine-5.11.3.jar;C:\Users\Bcom_\.m2\repository\org\junit\platform\junit-platform-engine\1.11.3\junit-platform-engine-1.11.3.jar;C:\Users\Bcom_\.m2\repository\org\apiguardian\apiguardian-api\1.1.2\apiguardian-api-1.1.2.jar;C:\Users\Bcom_\.m2\repository\org\mockito\mockito-core\4.5.1\mockito-core-4.5.1.jar;C:\Users\Bcom_\.m2\repository\net\bytebuddy\byte-buddy\1.12.9\byte-buddy-1.12.9.jar;C:\Users\Bcom_\.m2\repository\net\bytebuddy\byte-buddy-agent\1.12.9\byte-buddy-agent-1.12.9.jar;C:\Users\Bcom_\.m2\repository\org\objenesis\objenesis\3.2\objenesis-3.2.jar;C:\Users\Bcom_\.m2\repository\commons-cli\commons-cli\1.5.0\commons-cli-1.5.0.jar;"/>
    <property name="java.vm.vendor" value="Oracle Corporation"/>
    <property name="sun.arch.data.model" value="64"/>
    <property name="user.variant" value=""/>
    <property name="java.vendor.url" value="https://java.oracle.com/"/>
    <property name="user.timezone" value="Europe/Warsaw"/>
    <property name="os.name" value="Windows 11"/>
    <property name="java.vm.specification.version" value="22"/>
    <property name="sun.java.launcher" value="SUN_STANDARD"/>
    <property name="user.country" value="PL"/>
    <property name="sun.boot.library.path" value="C:\Users\Bcom_\.jdks\openjdk-22.0.1\bin"/>
    <property name="sun.java.command" value="C:\Users\Bcom_\AppData\Local\Temp\surefire9687246273221442898\surefirebooter-20241207235321016_3.jar C:\Users\Bcom_\AppData\Local\Temp\surefire9687246273221442898 2024-12-07T23-53-20_936-jvmRun1 surefire-20241207235321016_1tmp surefire_0-20241207235321016_2tmp"/>
    <property name="jdk.debug" value="release"/>
    <property name="surefire.test.class.path" value="C:\Users\Bcom_\2024Z_AISD_git_GR2_gr20\CW_5\AiSD2024ZEx5\target\test-classes;C:\Users\Bcom_\2024Z_AISD_git_GR2_gr20\CW_5\AiSD2024ZEx5\target\classes;C:\Users\Bcom_\.m2\repository\pl\edu\pw\ee\AiSD2024ZEx4\1.0-SNAPSHOT\AiSD2024ZEx4-1.0-SNAPSHOT.jar;C:\Users\Bcom_\.m2\repository\pl\edu\pw\ee\AiSD2023ZLab3\1.0-SNAPSHOT\AiSD2023ZLab3-1.0-SNAPSHOT.jar;C:\Users\Bcom_\.m2\repository\junit\junit\4.13.1\junit-4.13.1.jar;C:\Users\Bcom_\.m2\repository\org\hamcrest\hamcrest-core\1.3\hamcrest-core-1.3.jar;C:\Users\Bcom_\.m2\repository\org\junit\jupiter\junit-jupiter\5.8.1\junit-jupiter-5.8.1.jar;C:\Users\Bcom_\.m2\repository\org\junit\jupiter\junit-jupiter-api\5.8.1\junit-jupiter-api-5.8.1.jar;C:\Users\Bcom_\.m2\repository\org\opentest4j\opentest4j\1.2.0\opentest4j-1.2.0.jar;C:\Users\Bcom_\.m2\repository\org\junit\platform\junit-platform-commons\1.8.1\junit-platform-commons-1.8.1.jar;C:\Users\Bcom_\.m2\repository\org\junit\jupiter\junit-jupiter-params\5.8.1\junit-jupiter-params-5.8.1.jar;C:\Users\Bcom_\.m2\repository\org\junit\jupiter\junit-jupiter-engine\5.8.1\junit-jupiter-engine-5.8.1.jar;C:\Users\Bcom_\.m2\repository\org\jacoco\jacoco-maven-plugin\0.8.12\jacoco-maven-plugin-0.8.12.jar;C:\Users\Bcom_\.m2\repository\org\codehaus\plexus\plexus-utils\3.0.24\plexus-utils-3.0.24.jar;C:\Users\Bcom_\.m2\repository\org\apache\maven\shared\file-management\3.1.0\file-management-3.1.0.jar;C:\Users\Bcom_\.m2\repository\org\slf4j\slf4j-api\1.7.36\slf4j-api-1.7.36.jar;C:\Users\Bcom_\.m2\repository\commons-io\commons-io\2.11.0\commons-io-2.11.0.jar;C:\Users\Bcom_\.m2\repository\org\apache\maven\reporting\maven-reporting-api\3.0\maven-reporting-api-3.0.jar;C:\Users\Bcom_\.m2\repository\org\apache\maven\doxia\doxia-sink-api\1.0\doxia-sink-api-1.0.jar;C:\Users\Bcom_\.m2\repository\org\jacoco\org.jacoco.agent\0.8.12\org.jacoco.agent-0.8.12-runtime.jar;C:\Users\Bcom_\.m2\repository\org\jacoco\org.jacoco.core\0.8.12\org.jacoco.core-0.8.12.jar;C:\Users\Bcom_\.m2\repository\org\ow2\asm\asm\9.7\asm-9.7.jar;C:\Users\Bcom_\.m2\repository\org\ow2\asm\asm-commons\9.7\asm-commons-9.7.jar;C:\Users\Bcom_\.m2\repository\org\ow2\asm\asm-tree\9.7\asm-tree-9.7.jar;C:\Users\Bcom_\.m2\repository\org\jacoco\org.jacoco.report\0.8.12\org.jacoco.report-0.8.12.jar;C:\Users\Bcom_\.m2\repository\org\junit\vintage\junit-vintage-engine\5.11.3\junit-vintage-engine-5.11.3.jar;C:\Users\Bcom_\.m2\repository\org\junit\platform\junit-platform-engine\1.11.3\junit-platform-engine-1.11.3.jar;C:\Users\Bcom_\.m2\repository\org\apiguardian\apiguardian-api\1.1.2\apiguardian-api-1.1.2.jar;C:\Users\Bcom_\.m2\repository\org\mockito\mockito-core\4.5.1\mockito-core-4.5.1.jar;C:\Users\Bcom_\.m2\repository\net\bytebuddy\byte-buddy\1.12.9\byte-buddy-1.12.9.jar;C:\Users\Bcom_\.m2\repository\net\bytebuddy\byte-buddy-agent\1.12.9\byte-buddy-agent-1.12.9.jar;C:\Users\Bcom_\.m2\repository\org\objenesis\objenesis\3.2\objenesis-3.2.jar;C:\Users\Bcom_\.m2\repository\commons-cli\commons-cli\1.5.0\commons-cli-1.5.0.jar;"/>
    <property name="sun.cpu.endian" value="little"/>
    <property name="user.home" value="C:\Users\Bcom_"/>
    <property name="user.language" value="pl"/>
    <property name="java.specification.vendor" value="Oracle Corporation"/>
    <property name="java.version.date" value="2024-04-16"/>
    <property name="java.home" value="C:\Users\Bcom_\.jdks\openjdk-22.0.1"/>
    <property name="file.separator" value="\"/>
    <property name="basedir" value="C:\Users\Bcom_\2024Z_AISD_git_GR2_gr20\CW_5\AiSD2024ZEx5"/>
    <property name="java.vm.compressedOopsMode" value="Zero based"/>
    <property name="line.separator" value="&#10;"/>
    <property name="java.vm.specification.vendor" value="Oracle Corporation"/>
    <property name="java.specification.name" value="Java Platform API Specification"/>
    <property name="surefire.real.class.path" value="C:\Users\Bcom_\AppData\Local\Temp\surefire9687246273221442898\surefirebooter-20241207235321016_3.jar"/>
    <property name="user.script" value=""/>
    <property name="sun.management.compiler" value="HotSpot 64-Bit Tiered Compilers"/>
    <property name="java.runtime.version" value="22.0.1+8-16"/>
    <property name="user.name" value="Bcom_"/>
    <property name="stdout.encoding" value="Cp1250"/>
    <property name="path.separator" value=";"/>
    <property name="os.version" value="10.0"/>
    <property name="java.runtime.name" value="OpenJDK Runtime Environment"/>
    <property name="file.encoding" value="UTF-8"/>
    <property name="java.vm.name" value="OpenJDK 64-Bit Server VM"/>
    <property name="localRepository" value="C:\Users\Bcom_\.m2\repository"/>
    <property name="java.vendor.url.bug" value="https://bugreport.java.com/bugreport/"/>
    <property name="java.io.tmpdir" value="C:\Users\Bcom_\AppData\Local\Temp\"/>
    <property name="idea.version" value="2024.2.4"/>
    <property name="java.version" value="22.0.1"/>
    <property name="user.dir" value="C:\Users\Bcom_\2024Z_AISD_git_GR2_gr20\CW_5\AiSD2024ZEx5"/>
    <property name="os.arch" value="amd64"/>
    <property name="java.vm.specification.name" value="Java Virtual Machine Specification"/>
    <property name="sun.os.patch.level" value=""/>
    <property name="native.encoding" value="Cp1250"/>
    <property name="java.library.path" value="C:\Users\Bcom_\.jdks\openjdk-22.0.1\bin;C:\Windows\Sun\Java\bin;C:\Windows\system32;C:\Windows;C:\Program Files\Common Files\Oracle\Java\javapath;C:\Program Files (x86)\Common Files\Oracle\Java\java8path;C:\Program Files (x86)\Common Files\Oracle\Java\javapath;C:\Windows\system32;C:\Windows;C:\Windows\System32\Wbem;C:\Windows\System32\WindowsPowerShell\v1.0\;C:\Windows\System32\OpenSSH\;C:\Program Files (x86)\NVIDIA Corporation\PhysX\Common;C:\Program Files\NVIDIA Corporation\NVIDIA NvDLISR;C:\Program Files\Git\cmd;C:\Program Files\Docker\Docker\resources\bin;C:\Users\Bcom_\AppData\Local\Programs\Python\Python312\Scripts\;C:\Users\Bcom_\AppData\Local\Programs\Python\Python312\;C:\Users\Bcom_\AppData\Local\Programs\Python\Launcher\;C:\Users\Bcom_\AppData\Local\Microsoft\WindowsApps;C:\Users\Bcom_\AppData\Local\Programs\Microsoft VS Code\bin;C:\Program Files\JetBrains\IntelliJ IDEA Community Edition 2024.1\bin;;."/>
    <property name="java.vm.info" value="mixed mode, sharing"/>
    <property name="stderr.encoding" value="Cp1250"/>
    <property name="java.vendor" value="Oracle Corporation"/>
    <property name="java.vm.version" value="22.0.1+8-16"/>
    <property name="sun.io.unicode.encoding" value="UnicodeLittle"/>
    <property name="java.class.version" value="66.0"/>
  </properties>
  <testcase name="should_BuildCorrect_TreeOfValuesDescendingFromRootToLeafs_ForPredefinedValues" classname="huffmancode.structures.CharacterTreeTest" time="0.006">
    <system-out><![CDATA[----------------------------------

     [a:45]

[￿:100]

               [c:12]

          [￿:25]

               [b:13]

     [￿:55]

                    [f:5]

               [￿:14]

                    [e:9]

          [￿:30]

               [d:16]
----------------------------------
]]></system-out>
  </testcase>
  <testcase name="should_BuildCorrect_TreeOfValuesDescendingFromRootToLeafs_ForRandomValues" classname="huffmancode.structures.CharacterTreeTest" time="0.007">
    <system-out><![CDATA[----------------------------------

               [[:93]

          [￿:187]

               []:94]

     [￿:377]

                         [i:23]

                    [￿:46]

                         [u:23]

               [￿:95]

                    [M:49]

          [￿:190]

               [E:95]

[￿:941]

                         [w:24]

                    [￿:53]

                         [H:29]

               [￿:107]

                    [S:54]

          [￿:238]

                         [U:31]

                    [￿:63]

                         [Q:32]

               [￿:131]

                    [v:68]

     [￿:564]

                    [n:71]

               [￿:151]

                    [y:80]

          [￿:326]

                    [A:86]

               [￿:175]

                                        [d:5]

                                   [￿:10]

                                        [[:5]

                              [￿:21]

                                   [x:11]

                         [￿:44]

                              [d:23]

                    [￿:89]

                         [l:45]
----------------------------------
]]></system-out>
  </testcase>
  <testcase name="should_BeAbleTo_ReconstructCodedCharacterTree" classname="huffmancode.structures.CharacterTreeTest" time="0.016">
    <system-out><![CDATA[----------------------------------

               [ :0]

          [￿:0]

                                   [8:0]

                              [￿:0]

                                   [M:0]

                         [￿:0]

                                   [B:0]

                              [￿:0]

                                        [F:0]

                                   [￿:0]

                                        [D:0]

                    [￿:0]

                         [z:0]

               [￿:0]

                         [p:0]

                    [￿:0]

                         [w:0]

     [￿:0]

                    [o:0]

               [￿:0]

                         [s:0]

                    [￿:0]

                         [k:0]

          [￿:0]

                                   [T:0]

                              [￿:0]

                                   [A:0]

                         [￿:0]

                                             [7:0]

                                        [￿:0]

                                             [0:0]

                                   [￿:0]

                                        [ó:0]

                              [￿:0]

                                   [9:0]

                    [￿:0]

                         [c:0]

               [￿:0]

                                        [O:0]

                                   [￿:0]

                                        [J:0]

                              [￿:0]

                                        [V:0]

                                   [￿:0]

                                        [R:0]

                         [￿:0]

                              [j:0]

                    [￿:0]

                                   [h:0]

                              [￿:0]

                                   [W:0]

                         [￿:0]

                              [
:0]

[￿:0]

                    [e:0]

               [￿:0]

                         [y:0]

                    [￿:0]

                              [:0]

                         [￿:0]

                                             [ć:0]

                                        [￿:0]

                                             [ż:0]

                                   [￿:0]

                                        [ł:0]

                              [￿:0]

                                   [P:0]

          [￿:0]

                                        [U:0]

                                   [￿:0]

                                        [I:0]

                              [￿:0]

                                        [::0]

                                   [￿:0]

                                        [ą:0]

                         [￿:0]

                                   [N:0]

                              [￿:0]

                                        [C:0]

                                   [￿:0]

                                             [Ż:0]

                                        [￿:0]

                                                  [5:0]

                                             [￿:0]

                                                  [4:0]

                    [￿:0]

                                   [/:0]

                              [￿:0]

                                        [ę:0]

                                   [￿:0]

                                        [L:0]

                         [￿:0]

                              [d:0]

               [￿:0]

                    [a:0]

     [￿:0]

                         [n:0]

                    [￿:0]

                              [m:0]

                         [￿:0]

                                   [.:0]

                              [￿:0]

                                                  [v:0]

                                             [￿:0]

                                                  [f:0]

                                        [￿:0]

                                                       [–:0]

                                                  [￿:0]

                                                       [ś:0]

                                             [￿:0]

                                                       [6:0]

                                                  [￿:0]

                                                       [1:0]

                                   [￿:0]

                                        [g:0]

               [￿:0]

                         [i:0]

                    [￿:0]

                         [r:0]

          [￿:0]

                         [t:0]

                    [￿:0]

                                             [2:0]

                                        [￿:0]

                                             [3:0]

                                   [￿:0]

                                             [):0]

                                        [￿:0]

                                             [(:0]

                              [￿:0]

                                             [Y:0]

                                        [￿:0]

                                             [X:0]

                                   [￿:0]

                                             [Ź:0]

                                        [￿:0]

                                             [Z:0]

                         [￿:0]

                              [u:0]

               [￿:0]

                                             [Ć:0]

                                        [￿:0]

                                             [Ą:0]

                                   [￿:0]

                                             [Ę:0]

                                        [￿:0]

                                             [E:0]

                              [￿:0]

                                   [-:0]

                         [￿:0]

                                             [Ó:0]

                                        [￿:0]

                                             [Ń:0]

                                   [￿:0]

                                             [Ś:0]

                                        [￿:0]

                                             [Q:0]

                              [￿:0]

                                             [H:0]

                                        [￿:0]

                                             [G:0]

                                   [￿:0]

                                             [Ł:0]

                                        [￿:0]

                                             [K:0]

                    [￿:0]

                              [l:0]

                         [￿:0]

                                        [S:0]

                                   [￿:0]

                                        [b:0]

                              [￿:0]

                                   [,:0]
----------------------------------
]]></system-out>
  </testcase>
  <testcase name="should_BuildCorrectCharacterTree_WhenEncoding" classname="huffmancode.structures.CharacterTreeTest" time="0.014">
    <system-out><![CDATA[----------------------------------

               [ :147]

          [￿:301]

                                        [:4]

                                   [￿:9]

                                        [³:5]

                              [￿:18]

                                   [b:9]

                         [￿:38]

                                   [T:10]

                              [￿:20]

                                   [A:10]

                    [￿:77]

                         [w:39]

               [￿:154]

                    [o:77]

     [￿:634]

                         [s:40]

                    [￿:80]

                         [k:40]

               [￿:160]

                                        [V:5]

                                   [￿:10]

                                        [R:5]

                              [￿:20]

                                   [9:10]

                         [￿:40]

                                        [J:5]

                                   [￿:10]

                                        [F:5]

                              [￿:20]

                                        [:5]

                                   [￿:10]

                                        [O:5]

                    [￿:80]

                         [c:40]

          [￿:333]

                    [e:86]

               [￿:173]

                              [j:21]

                         [￿:43]

                                        [D:5]

                                   [￿:11]

                                             [:3]

                                        [￿:6]

                                             [¼:3]

                              [￿:22]

                                   [h:11]

                    [￿:87]

                              [
:22]

                         [￿:44]

                              [:22]

[￿:1567]

                         [y:45]

                    [￿:92]

                                   [W:11]

                              [￿:23]

                                        [U:6]

                                   [￿:12]

                                        [I:6]

                         [￿:47]

                                   [P:12]

                              [￿:24]

                                   [N:12]

               [￿:197]

                                        [::6]

                                   [￿:12]

                                        [:6]

                              [￿:24]

                                                  [:1]

                                             [￿:3]

                                                       [:1]

                                                  [￿:2]

                                                       [â:1]

                                        [￿:6]

                                             [0:3]

                                   [￿:12]

                                        [:6]

                         [￿:50]

                                        [C:6]

                                   [￿:13]

                                             [»:3]

                                        [￿:7]

                                                  [4:2]

                                             [￿:4]

                                                  [7:2]

                              [￿:26]

                                   [/:13]

                    [￿:105]

                              [d:27]

                         [￿:55]

                              [m:28]

          [￿:423]

                    [a:112]

               [￿:226]

                              [Ä:28]

                         [￿:57]

                                        [:7]

                                   [￿:14]

                                        [L:7]

                              [￿:29]

                                   [.:15]

                    [￿:114]

                         [n:57]

     [￿:933]

                         [i:59]

                    [￿:118]

                         [r:59]

               [￿:238]

                         [t:59]

                    [￿:120]

                              [Å:29]

                         [￿:61]

                                             [K:4]

                                        [￿:8]

                                             [H:4]

                                   [￿:16]

                                             [:4]

                                        [￿:8]

                                             [:4]

                              [￿:32]

                                             [E:4]

                                        [￿:8]

                                             [:4]

                                   [￿:16]

                                             [G:4]

                                        [￿:8]

                                             [:4]

          [￿:510]

                                             [¹:4]

                                        [￿:8]

                                             [Z:4]

                                   [￿:16]

                                             [2:4]

                                        [￿:8]

                                             [3:4]

                              [￿:32]

                                             [:4]

                                        [￿:8]

                                             [Q:4]

                                   [￿:16]

                                             [Y:4]

                                        [￿:8]

                                             [X:4]

                         [￿:64]

                                        [g:8]

                                   [￿:16]

                                        [S:8]

                              [￿:32]

                                             [):4]

                                        [￿:8]

                                             [(:4]

                                   [￿:16]

                                                  [f:2]

                                             [￿:4]

                                                  [5:2]

                                        [￿:8]

                                                       [6:1]

                                                  [￿:2]

                                                       [1:1]

                                             [￿:4]

                                                  [v:2]

                    [￿:129]

                              [u:32]

                         [￿:65]

                                   [-:16]

                              [￿:33]

                                   [,:17]

               [￿:272]

                              [l:33]

                         [￿:69]

                                        [M:9]

                                   [￿:18]

                                        [B:9]

                              [￿:36]

                                        [8:9]

                                   [￿:18]

                                        [Ã:9]

                    [￿:143]

                              [z:37]

                         [￿:74]

                              [p:37]
----------------------------------
]]></system-out>
  </testcase>
  <testcase name="shouldBeAbleToGetCode_ForEveryCharacter_FromNodePriorityQueue" classname="huffmancode.structures.CharacterTreeTest" time="0.001">
    <system-out><![CDATA[----------------------------------

          [Q:107]

     [￿:215]

          [O:108]

[￿:491]

          [P:109]

     [￿:276]

               [M:66]

          [￿:167]

               [N:101]
----------------------------------
]]></system-out>
  </testcase>
  <testcase name="shouldBeAbleToGetCode_ForEveryCharacter_FromCharMap" classname="huffmancode.structures.CharacterTreeTest" time="0.001"/>
</testsuite>